<?xml version="1.0" encoding="UTF-8"?>
<!-- Generated by org.testng.reporters.JUnitReportReporter -->
<testsuite hostname="IBM554-PC0CQCEA" name="Guru99Bank" tests="2" failures="0" timestamp="13 Oct 2016 20:11:22 GMT" time="2.823" errors="0">
  <testcase name="pageLoad" time="1.496" classname="Guru99Bank"/>
  <testcase name="Login" time="1.327" classname="Guru99Bank"/>
</testsuite> <!-- Guru99Bank -->
